<?xml version="1.0" encoding="UTF-8"?>
<testsuite xmlns:xsi="http://www.w3.org/2001/XMLSchema-instance" xsi:noNamespaceSchemaLocation="https://maven.apache.org/surefire/maven-surefire-plugin/xsd/surefire-test-report.xsd" name="CalculatorServiceTest" time="0.127" tests="21" errors="0" skipped="0" failures="1">
  <properties>
    <property name="sun.desktop" value="windows"/>
    <property name="awt.toolkit" value="sun.awt.windows.WToolkit"/>
    <property name="java.specification.version" value="11"/>
    <property name="sun.cpu.isalist" value="amd64"/>
    <property name="sun.jnu.encoding" value="Cp1251"/>
    <property name="java.class.path" value="C:\Users\Алексей\IdeaProjects\CalculatorFX\target\test-classes;C:\Users\Алексей\IdeaProjects\CalculatorFX\target\classes;C:\Users\Алексей\.m2\repository\org\openjfx\javafx-controls\12.0.1\javafx-controls-12.0.1.jar;C:\Users\Алексей\.m2\repository\org\openjfx\javafx-controls\12.0.1\javafx-controls-12.0.1-win.jar;C:\Users\Алексей\.m2\repository\org\openjfx\javafx-graphics\12.0.1\javafx-graphics-12.0.1.jar;C:\Users\Алексей\.m2\repository\org\openjfx\javafx-graphics\12.0.1\javafx-graphics-12.0.1-win.jar;C:\Users\Алексей\.m2\repository\org\openjfx\javafx-base\12.0.1\javafx-base-12.0.1.jar;C:\Users\Алексей\.m2\repository\org\openjfx\javafx-base\12.0.1\javafx-base-12.0.1-win.jar;C:\Users\Алексей\.m2\repository\org\junit\jupiter\junit-jupiter-api\5.4.2\junit-jupiter-api-5.4.2.jar;C:\Users\Алексей\.m2\repository\org\apiguardian\apiguardian-api\1.0.0\apiguardian-api-1.0.0.jar;C:\Users\Алексей\.m2\repository\org\opentest4j\opentest4j\1.1.1\opentest4j-1.1.1.jar;C:\Users\Алексей\.m2\repository\org\junit\platform\junit-platform-commons\1.4.2\junit-platform-commons-1.4.2.jar;C:\Users\Алексей\.m2\repository\org\junit\jupiter\junit-jupiter-engine\5.4.2\junit-jupiter-engine-5.4.2.jar;C:\Users\Алексей\.m2\repository\org\junit\platform\junit-platform-engine\1.4.2\junit-platform-engine-1.4.2.jar;"/>
    <property name="java.vm.vendor" value="Oracle Corporation"/>
    <property name="sun.arch.data.model" value="64"/>
    <property name="user.variant" value=""/>
    <property name="java.vendor.url" value="http://java.oracle.com/"/>
    <property name="user.timezone" value="Europe/Moscow"/>
    <property name="java.vm.specification.version" value="11"/>
    <property name="os.name" value="Windows 10"/>
    <property name="sun.java.launcher" value="SUN_STANDARD"/>
    <property name="user.country" value="RU"/>
    <property name="sun.boot.library.path" value="C:\Program Files\Java\jdk-11.0.1\bin"/>
    <property name="sun.java.command" value="C:\Users\CD86~1\AppData\Local\Temp\surefire13256146662612300916\surefirebooter3287927651550544899.jar C:\Users\Алексей\AppData\Local\Temp\surefire13256146662612300916 2019-05-20T17-10-11_737-jvmRun1 surefire16996238982823141080tmp surefire_04336787773388618002tmp"/>
    <property name="jdk.debug" value="release"/>
    <property name="surefire.test.class.path" value="C:\Users\Алексей\IdeaProjects\CalculatorFX\target\test-classes;C:\Users\Алексей\IdeaProjects\CalculatorFX\target\classes;C:\Users\Алексей\.m2\repository\org\openjfx\javafx-controls\12.0.1\javafx-controls-12.0.1.jar;C:\Users\Алексей\.m2\repository\org\openjfx\javafx-controls\12.0.1\javafx-controls-12.0.1-win.jar;C:\Users\Алексей\.m2\repository\org\openjfx\javafx-graphics\12.0.1\javafx-graphics-12.0.1.jar;C:\Users\Алексей\.m2\repository\org\openjfx\javafx-graphics\12.0.1\javafx-graphics-12.0.1-win.jar;C:\Users\Алексей\.m2\repository\org\openjfx\javafx-base\12.0.1\javafx-base-12.0.1.jar;C:\Users\Алексей\.m2\repository\org\openjfx\javafx-base\12.0.1\javafx-base-12.0.1-win.jar;C:\Users\Алексей\.m2\repository\org\junit\jupiter\junit-jupiter-api\5.4.2\junit-jupiter-api-5.4.2.jar;C:\Users\Алексей\.m2\repository\org\apiguardian\apiguardian-api\1.0.0\apiguardian-api-1.0.0.jar;C:\Users\Алексей\.m2\repository\org\opentest4j\opentest4j\1.1.1\opentest4j-1.1.1.jar;C:\Users\Алексей\.m2\repository\org\junit\platform\junit-platform-commons\1.4.2\junit-platform-commons-1.4.2.jar;C:\Users\Алексей\.m2\repository\org\junit\jupiter\junit-jupiter-engine\5.4.2\junit-jupiter-engine-5.4.2.jar;C:\Users\Алексей\.m2\repository\org\junit\platform\junit-platform-engine\1.4.2\junit-platform-engine-1.4.2.jar;"/>
    <property name="sun.cpu.endian" value="little"/>
    <property name="user.home" value="C:\Users\Алексей"/>
    <property name="user.language" value="ru"/>
    <property name="java.specification.vendor" value="Oracle Corporation"/>
    <property name="java.version.date" value="2018-10-16"/>
    <property name="java.home" value="C:\Program Files\Java\jdk-11.0.1"/>
    <property name="file.separator" value="\"/>
    <property name="basedir" value="C:\Users\Алексей\IdeaProjects\CalculatorFX"/>
    <property name="java.vm.compressedOopsMode" value="32-bit"/>
    <property name="line.separator" value="&#10;"/>
    <property name="java.specification.name" value="Java Platform API Specification"/>
    <property name="java.vm.specification.vendor" value="Oracle Corporation"/>
    <property name="java.awt.graphicsenv" value="sun.awt.Win32GraphicsEnvironment"/>
    <property name="surefire.real.class.path" value="C:\Users\CD86~1\AppData\Local\Temp\surefire13256146662612300916\surefirebooter3287927651550544899.jar"/>
    <property name="user.script" value=""/>
    <property name="sun.management.compiler" value="HotSpot 64-Bit Tiered Compilers"/>
    <property name="java.runtime.version" value="11.0.1+13-LTS"/>
    <property name="user.name" value="Алексей"/>
    <property name="path.separator" value=";"/>
    <property name="os.version" value="10.0"/>
    <property name="java.runtime.name" value="Java(TM) SE Runtime Environment"/>
    <property name="file.encoding" value="Cp1251"/>
    <property name="java.vm.name" value="Java HotSpot(TM) 64-Bit Server VM"/>
    <property name="java.vendor.version" value="18.9"/>
    <property name="localRepository" value="C:\Users\Алексей\.m2\repository"/>
    <property name="java.vendor.url.bug" value="http://bugreport.java.com/bugreport/"/>
    <property name="java.io.tmpdir" value="C:\Users\CD86~1\AppData\Local\Temp\"/>
    <property name="java.version" value="11.0.1"/>
    <property name="user.dir" value="C:\Users\Алексей\IdeaProjects\CalculatorFX"/>
    <property name="os.arch" value="amd64"/>
    <property name="java.vm.specification.name" value="Java Virtual Machine Specification"/>
    <property name="java.awt.printerjob" value="sun.awt.windows.WPrinterJob"/>
    <property name="idea.version2019.1.2" value="true"/>
    <property name="sun.os.patch.level" value=""/>
    <property name="java.library.path" value="C:\Program Files\Java\jdk-11.0.1\bin;C:\Windows\Sun\Java\bin;C:\Windows\system32;C:\Windows;C:\Windows\system32;C:\Windows;C:\Windows\System32\Wbem;C:\Windows\System32\WindowsPowerShell\v1.0\;C:\Program Files\Java\jdk-11.0.1\bin;C:\Program Files\Git\cmd;C:\Program Files\Java\jdk-11.0.1;;."/>
    <property name="java.vendor" value="Oracle Corporation"/>
    <property name="java.vm.info" value="mixed mode"/>
    <property name="java.vm.version" value="11.0.1+13-LTS"/>
    <property name="sun.io.unicode.encoding" value="UnicodeLittle"/>
    <property name="java.class.version" value="55.0"/>
  </properties>
  <testcase name="correctValueAfterSingleOperation" classname="CalculatorServiceTest" time="0.063"/>
  <testcase name="noInputZeroOutput" classname="CalculatorServiceTest" time="0"/>
  <testcase name="calculateMethodWorksWithEmptyFields" classname="CalculatorServiceTest" time="0.001"/>
  <testcase name="deleteMethodWorksCorrectAfterCalculateMethod" classname="CalculatorServiceTest" time="0.009"/>
  <testcase name="notIntegerResultAfterDivide" classname="CalculatorServiceTest" time="0.001"/>
  <testcase name="correctResultWithoutLeftSide" classname="CalculatorServiceTest" time="0.001"/>
  <testcase name="correctValueAfterMultipleZeroNumbers" classname="CalculatorServiceTest" time="0.001"/>
  <testcase name="correctResultAfterMultiplyOperation" classname="CalculatorServiceTest" time="0.001"/>
  <testcase name="correctValueAfterMultipleNumbers" classname="CalculatorServiceTest" time="0"/>
  <testcase name="correctResultAfterPlusOperation" classname="CalculatorServiceTest" time="0"/>
  <testcase name="exceptionAfterDivisionByZero" classname="CalculatorServiceTest" time="0.013">
    <failure message="Expected java.lang.ArithmeticException to be thrown, but nothing was thrown." type="org.opentest4j.AssertionFailedError">org.opentest4j.AssertionFailedError: Expected java.lang.ArithmeticException to be thrown, but nothing was thrown.
	at CalculatorServiceTest.exceptionAfterDivisionByZero(CalculatorServiceTest.java:194)
</failure>
  </testcase>
  <testcase name="correctResultAfterDivideOperation" classname="CalculatorServiceTest" time="0"/>
  <testcase name="correctResultAfterMultiplyingByZero" classname="CalculatorServiceTest" time="0"/>
  <testcase name="firstOperationShouldBeAddedToZero" classname="CalculatorServiceTest" time="0.013"/>
  <testcase name="ignoreMultipleZerosInSecondValue" classname="CalculatorServiceTest" time="0.001"/>
  <testcase name="shouldIgnoreZerosOnly" classname="CalculatorServiceTest" time="0.001"/>
  <testcase name="correctResultAfterFewNumbers" classname="CalculatorServiceTest" time="0.001"/>
  <testcase name="correctValueAfterFewOperations" classname="CalculatorServiceTest" time="0.001"/>
  <testcase name="showOneOperator" classname="CalculatorServiceTest" time="0.001"/>
  <testcase name="deleteMethodWorksCorrectAfterInputMethod" classname="CalculatorServiceTest" time="0.001"/>
  <testcase name="correctValueAfterMultipleZerosAndAfterOperator" classname="CalculatorServiceTest" time="0"/>
</testsuite>